<?xml version="1.0" encoding="UTF-8"?>
<!-- Generated by org.testng.reporters.JUnitReportReporter -->
<testsuite hostname="LAPTOP-QSGOG4BT" failures="0" tests="2" name="practice_package.TestNGParellel4" time="10.028" errors="0" timestamp="2023-01-10T15:02:10 IST" skipped="0">
  <testcase classname="practice_package.TestNGParellel4" name="sample7" time="5.022"/>
  <system-out/>
  <testcase classname="practice_package.TestNGParellel4" name="sample8" time="5.006"/>
  <system-out/>
</testsuite> <!-- practice_package.TestNGParellel4 -->
