<?xml version="1.0" encoding="UTF-8"?>
<!-- Generated by org.testng.reporters.JUnitReportReporter -->
<testsuite hostname="LAPTOP-QSGOG4BT" failures="0" tests="5" name="testNG_OSA_Admin.TC_admin_01_Create_Product_Test" time="28.260" errors="0" timestamp="2023-01-11T17:27:23 IST" skipped="0">
  <testcase classname="testNG_OSA_Admin.TC_admin_01_Create_Product_Test" name="login_logInfo" time="5.649"/>
  <system-out/>
  <testcase classname="testNG_OSA_Admin.TC_admin_01_Create_Product_Test" name="editProduct" time="3.023"/>
  <system-out/>
  <testcase classname="testNG_OSA_Admin.TC_admin_01_Create_Product_Test" name="placeOrder" time="2.499"/>
  <system-out/>
  <testcase classname="testNG_OSA_Admin.TC_admin_01_Create_Product_Test" name="createProduct" time="3.604"/>
  <system-out/>
  <testcase classname="testNG_OSA_Admin.TC_admin_01_Create_Product_Test" name="manageOrder" time="13.485"/>
  <system-out/>
</testsuite> <!-- testNG_OSA_Admin.TC_admin_01_Create_Product_Test -->
