<?xml version="1.0" encoding="UTF-8"?>
<!-- Generated by org.testng.reporters.JUnitReportReporter -->
<testsuite hostname="LAPTOP-QSGOG4BT" failures="0" tests="12" name="practice_package.SampleTestNG" time="0.015" errors="0" timestamp="2023-01-18T15:01:30 IST" skipped="0">
  <testcase classname="practice_package.SampleTestNG" name="insertProduct" time="0.001"/>
  <system-out/>
  <testcase classname="practice_package.SampleTestNG" name="insertProduct" time="0.001"/>
  <system-out/>
  <testcase classname="practice_package.SampleTestNG" name="insertProduct" time="0.006"/>
  <system-out/>
  <testcase classname="practice_package.SampleTestNG" name="insertProduct" time="0.000"/>
  <system-out/>
  <testcase classname="practice_package.SampleTestNG" name="insertProduct" time="0.001"/>
  <system-out/>
  <testcase classname="practice_package.SampleTestNG" name="insertProduct" time="0.000"/>
  <system-out/>
  <testcase classname="practice_package.SampleTestNG" name="insertProduct" time="0.001"/>
  <system-out/>
  <testcase classname="practice_package.SampleTestNG" name="insertProduct" time="0.001"/>
  <system-out/>
  <testcase classname="practice_package.SampleTestNG" name="insertProduct" time="0.001"/>
  <system-out/>
  <testcase classname="practice_package.SampleTestNG" name="insertProduct" time="0.001"/>
  <system-out/>
  <testcase classname="practice_package.SampleTestNG" name="insertProduct" time="0.001"/>
  <system-out/>
  <testcase classname="practice_package.SampleTestNG" name="insertProduct" time="0.001"/>
  <system-out/>
</testsuite> <!-- practice_package.SampleTestNG -->
