<?xml version="1.0" encoding="UTF-8"?>
<!-- Generated by org.testng.reporters.JUnitReportReporter -->
<testsuite hostname="LAPTOP-QSGOG4BT" failures="0" tests="1" name="testNG_OSA_Admin.Admin_Module" time="4.202" errors="0" timestamp="2023-01-12T12:38:45 IST" skipped="0">
  <testcase classname="testNG_OSA_Admin.Admin_Module" name="createProduct" time="4.202"/>
  <system-out/>
</testsuite> <!-- testNG_OSA_Admin.Admin_Module -->
